[info] Loading project definition from /local/ssd/home/tianzhao/chisel/chisel-tutorial/plasticineController/project
[info] Updating {file:/local/ssd/home/tianzhao/chisel/chisel-tutorial/plasticineController/project/}plasticinecontroller-build...
[info] Resolving org.scala-lang#scala-library;2.10.4 ...
[info] Resolving org.scala-sbt#sbt;0.13.8 ...
[info] Resolving org.scala-sbt#main;0.13.8 ...
[info] Resolving org.scala-sbt#actions;0.13.8 ...
[info] Resolving org.scala-sbt#classpath;0.13.8 ...
[info] Resolving org.scala-lang#scala-compiler;2.10.4 ...
[info] Resolving org.scala-lang#scala-reflect;2.10.4 ...
[info] Resolving org.scala-sbt#launcher-interface;0.13.8 ...
[info] Resolving org.scala-sbt#interface;0.13.8 ...
[info] Resolving org.scala-sbt#io;0.13.8 ...
[info] Resolving org.scala-sbt#control;0.13.8 ...
[info] Resolving org.scala-sbt#completion;0.13.8 ...
[info] Resolving org.scala-sbt#collections;0.13.8 ...
[info] Resolving jline#jline;2.11 ...
[info] Resolving org.scala-sbt#api;0.13.8 ...
[info] Resolving org.scala-sbt#compiler-integration;0.13.8 ...
[info] Resolving org.scala-sbt#incremental-compiler;0.13.8 ...
[info] Resolving org.scala-sbt#logging;0.13.8 ...
[info] Resolving org.scala-sbt#process;0.13.8 ...
[info] Resolving org.scala-sbt#relation;0.13.8 ...
[info] Resolving org.scala-sbt#compile;0.13.8 ...
[info] Resolving org.scala-sbt#classfile;0.13.8 ...
[info] Resolving org.scala-sbt#persist;0.13.8 ...
[info] Resolving org.scala-tools.sbinary#sbinary_2.10;0.4.2 ...
[info] Resolving org.scala-sbt#compiler-ivy-integration;0.13.8 ...
[info] Resolving org.scala-sbt#ivy;0.13.8 ...
[info] Resolving org.scala-sbt#cross;0.13.8 ...
[info] Resolving org.scala-sbt.ivy#ivy;2.3.0-sbt-fccfbd44c9f64523b61398a0155784dcbaeae28f ...
[info] Resolving com.jcraft#jsch;0.1.46 ...
[info] Resolving org.scala-sbt#serialization_2.10;0.1.1 ...
[info] Resolving org.scala-lang.modules#scala-pickling_2.10;0.10.0 ...
[info] Resolving org.scalamacros#quasiquotes_2.10;2.0.1 ...
[info] Resolving org.json4s#json4s-core_2.10;3.2.10 ...
[info] Resolving org.json4s#json4s-ast_2.10;3.2.10 ...
[info] Resolving com.thoughtworks.paranamer#paranamer;2.6 ...
[info] Resolving org.spire-math#jawn-parser_2.10;0.6.0 ...
[info] Resolving org.spire-math#json4s-support_2.10;0.6.0 ...
[info] Resolving org.scala-sbt#run;0.13.8 ...
[info] Resolving org.scala-sbt#task-system;0.13.8 ...
[info] Resolving org.scala-sbt#tasks;0.13.8 ...
[info] Resolving org.scala-sbt#tracking;0.13.8 ...
[info] Resolving org.scala-sbt#cache;0.13.8 ...
[info] Resolving org.scala-sbt#testing;0.13.8 ...
[info] Resolving org.scala-sbt#test-agent;0.13.8 ...
[info] Resolving org.scala-sbt#test-interface;1.0 ...
[info] Resolving org.scala-sbt#main-settings;0.13.8 ...
[info] Resolving org.scala-sbt#apply-macro;0.13.8 ...
[info] Resolving org.scala-sbt#command;0.13.8 ...
[info] Resolving org.scala-sbt#logic;0.13.8 ...
[info] Resolving org.scala-sbt#compiler-interface;0.13.8 ...
[info] Resolving org.scala-sbt#precompiled-2_8_2;0.13.8 ...
[info] Resolving org.scala-sbt#precompiled-2_9_2;0.13.8 ...
[info] Resolving org.scala-sbt#precompiled-2_9_3;0.13.8 ...
[info] Resolving org.scala-lang#jline;2.10.4 ...
[info] Resolving org.fusesource.jansi#jansi;1.4 ...
[info] Done updating.
[info] Set current project to chisel-tutorial (in build file:/local/ssd/home/tianzhao/chisel/chisel-tutorial/plasticineController/)
[info] Updating {file:/local/ssd/home/tianzhao/chisel/chisel-tutorial/plasticineController/}plasticinecontroller...
[info] Resolving org.scala-lang#scala-library;2.11.7 ...
[info] Resolving edu.berkeley.cs#chisel_2.11;2.+ ...
[info] Resolving edu.berkeley.cs#chisel_2.11;2.+ ...
[info] Resolving org.scala-lang#scala-reflect;2.11.7 ...
[info] Resolving org.scala-lang#scala-compiler;2.11.7 ...
[info] Resolving org.scala-lang.modules#scala-xml_2.11;1.0.4 ...
[info] Resolving org.scala-lang.modules#scala-parser-combinators_2.11;1.0.4 ...
[info] Resolving jline#jline;2.12.1 ...
[info] Done updating.
[info] Compiling 1 Scala source to /local/ssd/home/tianzhao/chisel/chisel-tutorial/plasticineController/target/scala-2.11/classes...
[info] Running plasticineController.PlasticineControllerTop plasticineController --debug --backend c --targetDir /local/ssd/home/tianzhao/chisel/chisel-tutorial/generated/plasticineController
CPP elaborate
[[35minfo[0m] [0.061] // COMPILING < (class plasticineController.PlasticineControllerTop)>(2)
[[35minfo[0m] [0.087] giving names
[[35minfo[0m] [0.104] executing custom transforms
[[35minfo[0m] [0.105] convert masked writes of inline mems
[[35minfo[0m] [0.111] adding clocks and resets
[[35minfo[0m] [0.122] inferring widths
[[35minfo[0m] [0.137] checking widths
[[35minfo[0m] [0.140] lowering complex nodes to primitives
[[35minfo[0m] [0.140] removing type nodes
[[35minfo[0m] [0.145] compiling 89 nodes
[[35minfo[0m] [0.145] computing memory ports
[[35minfo[0m] [0.152] resolving nodes to the components
[[35minfo[0m] [0.177] creating clock domains
[[35minfo[0m] [0.179] pruning unconnected IOs
[[35minfo[0m] [0.181] checking for combinational loops
[[35minfo[0m] [0.187] NO COMBINATIONAL LOOP FOUND
[[35minfo[0m] [0.195] populating clock domains
CppBackend::elaborate: need 2, redundant 0 shadow registers
[[35minfo[0m] [0.212] generating cpp files
CppBackend: createCppFile PlasticineControllerTop.cpp
[[33mwarn[0m] plasticineController.scala:95: 'plasticineController' is an unknown argument. in class plasticineController.PlasticineControllerTop$
[success] Total time: 6 s, completed Sep 17, 2016 10:34:11 PM
